app/build/intermediates/manifest_merge_blame_file/debug/manifest-merger-blame-debug-report.txt
1<?xml version="1.0" encoding="utf-8"?>
2<manifest xmlns:android="http://schemas.android.com/apk/res/android"
3    package="com.sas.delhibusnavigator"
4    android:versionCode="1"
5    android:versionName="1.0" >
6
7    <uses-sdk
8        android:minSdkVersion="14"
8-->src\main\AndroidManifest.xml
9        android:targetSdkVersion="23" />
9-->src\main\AndroidManifest.xml
10
11    <uses-permission android:name="android.permission.ACCESS_NETWORK_STATE" />
11-->src\main\AndroidManifest.xml:8:1-75
11-->src\main\AndroidManifest.xml:8:18-72
12    <uses-permission android:name="android.permission.INTERNET" />
12-->src\main\AndroidManifest.xml:9:5-67
12-->src\main\AndroidManifest.xml:9:22-64
13    <uses-permission android:name="android.permission.CALL_PHONE" />
13-->src\main\AndroidManifest.xml:10:5-68
13-->src\main\AndroidManifest.xml:10:22-66
14
15    <application
15-->src\main\AndroidManifest.xml:11:5-126:19
16        android:allowBackup="true"
16-->src\main\AndroidManifest.xml:12:9-35
17        android:debuggable="true"
18        android:icon="@drawable/ic_launcher"
18-->src\main\AndroidManifest.xml:13:9-45
19        android:label="@string/app_name"
19-->src\main\AndroidManifest.xml:14:9-41
20        android:testOnly="true"
21        android:theme="@style/Theme" >
21-->src\main\AndroidManifest.xml:15:9-37
22        <activity
22-->src\main\AndroidManifest.xml:16:9-27:20
23            android:name="com.sas.Bustracking.SplashActivity"
23-->src\main\AndroidManifest.xml:17:13-62
24            android:label="@string/app_name"
24-->src\main\AndroidManifest.xml:18:13-45
25            android:screenOrientation="portrait" >
25-->src\main\AndroidManifest.xml:19:13-49
26            <intent-filter>
26-->src\main\AndroidManifest.xml:22:13-26:29
27                <action android:name="android.intent.action.MAIN" />
27-->src\main\AndroidManifest.xml:23:17-69
27-->src\main\AndroidManifest.xml:23:25-66
28
29                <category android:name="android.intent.category.LAUNCHER" />
29-->src\main\AndroidManifest.xml:25:17-77
29-->src\main\AndroidManifest.xml:25:27-74
30            </intent-filter>
31        </activity>
32        <activity
32-->src\main\AndroidManifest.xml:29:9-38:20
33            android:name="com.sas.Bustracking.MainActivity"
33-->src\main\AndroidManifest.xml:30:13-60
34            android:label="@string/app_name"
34-->src\main\AndroidManifest.xml:31:13-45
35            android:screenOrientation="portrait" >
35-->src\main\AndroidManifest.xml:32:13-49
36            <intent-filter>
36-->src\main\AndroidManifest.xml:33:13-37:29
37                <action android:name="com.sas.delhibusnavigator.MAINACTIVITY" />
37-->src\main\AndroidManifest.xml:34:17-81
37-->src\main\AndroidManifest.xml:34:25-78
38
39                <category android:name="android.intent.category.DEFAULT" />
39-->src\main\AndroidManifest.xml:36:17-76
39-->src\main\AndroidManifest.xml:36:27-73
40            </intent-filter>
41        </activity>
42        <activity
42-->src\main\AndroidManifest.xml:39:9-53:20
43            android:name="com.sas.Bustracking.ViewRouteActivity"
43-->src\main\AndroidManifest.xml:40:13-65
44            android:label="@string/app_name"
44-->src\main\AndroidManifest.xml:41:13-45
45            android:parentActivityName="com.sas.Bustracking.MainActivity"
45-->src\main\AndroidManifest.xml:42:13-74
46            android:screenOrientation="portrait" >
46-->src\main\AndroidManifest.xml:43:13-49
47            <meta-data
47-->src\main\AndroidManifest.xml:44:13-46:68
48                android:name="android.support.PARENT_ACTIVITY"
48-->src\main\AndroidManifest.xml:45:17-63
49                android:value="com.sas.Bustracking.MainActivity" />
49-->src\main\AndroidManifest.xml:46:17-65
50
51            <intent-filter>
51-->src\main\AndroidManifest.xml:48:13-52:29
52                <action android:name="com.sas.delhibusnavigator.VIEWROUTEACTIVITY" />
52-->src\main\AndroidManifest.xml:49:17-86
52-->src\main\AndroidManifest.xml:49:25-83
53
54                <category android:name="android.intent.category.DEFAULT" />
54-->src\main\AndroidManifest.xml:36:17-76
54-->src\main\AndroidManifest.xml:36:27-73
55            </intent-filter>
56        </activity>
57        <activity
57-->src\main\AndroidManifest.xml:54:9-68:20
58            android:name="com.sas.Bustracking.RouteActivity"
58-->src\main\AndroidManifest.xml:55:13-61
59            android:label="@string/app_name"
59-->src\main\AndroidManifest.xml:56:13-45
60            android:parentActivityName="com.sas.Bustracking.MainActivity"
60-->src\main\AndroidManifest.xml:57:13-74
61            android:screenOrientation="portrait" >
61-->src\main\AndroidManifest.xml:58:13-49
62            <meta-data
62-->src\main\AndroidManifest.xml:44:13-46:68
63                android:name="android.support.PARENT_ACTIVITY"
63-->src\main\AndroidManifest.xml:45:17-63
64                android:value="com.sas.Bustracking.MainActivity" />
64-->src\main\AndroidManifest.xml:46:17-65
65
66            <intent-filter>
66-->src\main\AndroidManifest.xml:63:13-67:29
67                <action android:name="com.sas.delhibusnavigator.ROUTEACTIVITY" />
67-->src\main\AndroidManifest.xml:64:17-82
67-->src\main\AndroidManifest.xml:64:25-79
68
69                <category android:name="android.intent.category.DEFAULT" />
69-->src\main\AndroidManifest.xml:36:17-76
69-->src\main\AndroidManifest.xml:36:27-73
70            </intent-filter>
71        </activity>
72        <activity
72-->src\main\AndroidManifest.xml:69:9-83:20
73            android:name="com.sas.Bustracking.AboutActivity"
73-->src\main\AndroidManifest.xml:70:13-61
74            android:label="@string/app_name"
74-->src\main\AndroidManifest.xml:71:13-45
75            android:parentActivityName="com.sas.Bustracking.MainActivity"
75-->src\main\AndroidManifest.xml:72:13-74
76            android:screenOrientation="portrait" >
76-->src\main\AndroidManifest.xml:73:13-49
77            <meta-data
77-->src\main\AndroidManifest.xml:44:13-46:68
78                android:name="android.support.PARENT_ACTIVITY"
78-->src\main\AndroidManifest.xml:45:17-63
79                android:value="com.sas.Bustracking.MainActivity" />
79-->src\main\AndroidManifest.xml:46:17-65
80
81            <intent-filter>
81-->src\main\AndroidManifest.xml:78:13-82:29
82                <action android:name="com.sas.delhibusnavigator.ABOUTACTIVITY" />
82-->src\main\AndroidManifest.xml:79:17-82
82-->src\main\AndroidManifest.xml:79:25-79
83
84                <category android:name="android.intent.category.DEFAULT" />
84-->src\main\AndroidManifest.xml:36:17-76
84-->src\main\AndroidManifest.xml:36:27-73
85            </intent-filter>
86        </activity>
87        <activity
87-->src\main\AndroidManifest.xml:84:9-98:20
88            android:name="com.sas.Bustracking.DisclaimerActivity"
88-->src\main\AndroidManifest.xml:85:13-66
89            android:label="@string/app_name"
89-->src\main\AndroidManifest.xml:86:13-45
90            android:parentActivityName="com.sas.Bustracking.MainActivity"
90-->src\main\AndroidManifest.xml:87:13-74
91            android:screenOrientation="portrait" >
91-->src\main\AndroidManifest.xml:88:13-49
92            <meta-data
92-->src\main\AndroidManifest.xml:44:13-46:68
93                android:name="android.support.PARENT_ACTIVITY"
93-->src\main\AndroidManifest.xml:45:17-63
94                android:value="com.sas.Bustracking.MainActivity" />
94-->src\main\AndroidManifest.xml:46:17-65
95
96            <intent-filter>
96-->src\main\AndroidManifest.xml:93:13-97:29
97                <action android:name="com.sas.delhibusnavigator.DISCLAIMERACTIVITY" />
97-->src\main\AndroidManifest.xml:94:17-87
97-->src\main\AndroidManifest.xml:94:25-84
98
99                <category android:name="android.intent.category.DEFAULT" />
99-->src\main\AndroidManifest.xml:36:17-76
99-->src\main\AndroidManifest.xml:36:27-73
100            </intent-filter>
101        </activity>
102        <activity
102-->src\main\AndroidManifest.xml:99:9-113:20
103            android:name="com.sas.Bustracking.TourismActivity"
103-->src\main\AndroidManifest.xml:100:13-63
104            android:label="@string/app_name"
104-->src\main\AndroidManifest.xml:101:13-45
105            android:parentActivityName="com.sas.Bustracking.MainActivity"
105-->src\main\AndroidManifest.xml:102:13-74
106            android:screenOrientation="portrait" >
106-->src\main\AndroidManifest.xml:103:13-49
107            <meta-data
107-->src\main\AndroidManifest.xml:44:13-46:68
108                android:name="android.support.PARENT_ACTIVITY"
108-->src\main\AndroidManifest.xml:45:17-63
109                android:value="com.sas.Bustracking.MainActivity" />
109-->src\main\AndroidManifest.xml:46:17-65
110
111            <intent-filter>
111-->src\main\AndroidManifest.xml:108:13-112:29
112                <action android:name="com.sas.delhibusnavigator.TOURISMACTIVITY" />
112-->src\main\AndroidManifest.xml:109:17-84
112-->src\main\AndroidManifest.xml:109:25-81
113
114                <category android:name="android.intent.category.DEFAULT" />
114-->src\main\AndroidManifest.xml:36:17-76
114-->src\main\AndroidManifest.xml:36:27-73
115            </intent-filter>
116        </activity>
117        <activity
117-->src\main\AndroidManifest.xml:116:9-124:20
118            android:name="com.sas.Bustracking.TutorialActivity"
118-->src\main\AndroidManifest.xml:117:13-64
119            android:label="@string/app_name"
119-->src\main\AndroidManifest.xml:118:13-45
120            android:theme="@android:style/Theme.Translucent.NoTitleBar" >
120-->src\main\AndroidManifest.xml:119:13-72
121            <intent-filter>
121-->src\main\AndroidManifest.xml:120:13-123:29
122                <action android:name="com.sas.delhibusnavigator.TUTORIALACTIVITY" />
122-->src\main\AndroidManifest.xml:121:17-84
122-->src\main\AndroidManifest.xml:121:25-82
123
124                <category android:name="android.intent.category.DEFAULT" />
124-->src\main\AndroidManifest.xml:36:17-76
124-->src\main\AndroidManifest.xml:36:27-73
125            </intent-filter>
126        </activity>
127    </application>
128
129</manifest>